#
# There is insufficient memory for the Java Runtime Environment to continue.
# Native memory allocation (malloc) failed to allocate 1195776 bytes for Chunk::new
# Possible reasons:
#   The system is out of physical RAM or swap space
#   The process is running with CompressedOops enabled, and the Java Heap may be blocking the growth of the native heap
# Possible solutions:
#   Reduce memory load on the system
#   Increase physical memory or swap space
#   Check if swap backing store is full
#   Decrease Java heap size (-Xmx/-Xms)
#   Decrease number of Java threads
#   Decrease Java thread stack sizes (-Xss)
#   Set larger code cache with -XX:ReservedCodeCacheSize=
#   JVM is running with Unscaled Compressed Oops mode in which the Java heap is
#     placed in the first 4GB address space. The Java Heap base address is the
#     maximum limit for the native heap growth. Please use -XX:HeapBaseMinAddress
#     to set the Java Heap base and to place the Java Heap above 4GB virtual address.
# This output file may be truncated or incomplete.
#
#  Out of Memory Error (allocation.cpp:389), pid=37520, tid=0x0000000000006a48
#
# JRE version: OpenJDK Runtime Environment (8.0_242-b01) (build 1.8.0_242-release-1644-b01)
# Java VM: OpenJDK 64-Bit Server VM (25.242-b01 mixed mode windows-amd64 compressed oops)
# Failed to write core dump. Minidumps are not enabled by default on client versions of Windows
#

---------------  T H R E A D  ---------------

Current thread (0x0000000017087800):  JavaThread "C2 CompilerThread0" daemon [_thread_in_native, id=27208, stack(0x00000000186d0000,0x00000000187d0000)]

Stack: [0x00000000186d0000,0x00000000187d0000]
[error occurred during error reporting (printing stack bounds), id 0xc0000005]

Native frames: (J=compiled Java code, j=interpreted, Vv=VM code, C=native code)


Current CompileTask:
C2:  28179 2618       4       groovy.lang.MetaClassImpl$1MOPIter::methodNameAction (325 bytes)


---------------  P R O C E S S  ---------------

Java Threads: ( => current thread )
  0x0000000018d97800 JavaThread "Cache worker for file content cache (C:\Users\Think\.gradle\caches\6.5\fileContent)" [_thread_blocked, id=8596, stack(0x0000000021360000,0x0000000021460000)]
  0x0000000018d96000 JavaThread "jar transforms" [_thread_blocked, id=35348, stack(0x0000000021260000,0x0000000021360000)]
  0x0000000018d95000 JavaThread "Cache worker for execution history cache (C:\Users\Think\.gradle\caches\6.5\executionHistory)" [_thread_blocked, id=41744, stack(0x0000000020b60000,0x0000000020c60000)]
  0x0000000018d94800 JavaThread "Cache worker for cache directory md-rule (C:\Users\Think\.gradle\caches\6.5\md-rule)" [_thread_blocked, id=33116, stack(0x0000000020a60000,0x0000000020b60000)]
  0x0000000018d9b000 JavaThread "Cache worker for cache directory md-supplier (C:\Users\Think\.gradle\caches\6.5\md-supplier)" [_thread_blocked, id=36812, stack(0x0000000020960000,0x0000000020a60000)]
  0x0000000018d99000 JavaThread "Cache worker for checksums cache (C:\Android\AppBanHang\.gradle\checksums)" [_thread_blocked, id=29688, stack(0x000000001f690000,0x000000001f790000)]
  0x0000000018d98000 JavaThread "Cache worker for file hash cache (C:\Android\AppBanHang\.gradle\6.5\fileHashes)" [_thread_blocked, id=7652, stack(0x000000001f590000,0x000000001f690000)]
  0x0000000018d99800 JavaThread "Cache worker for file hash cache (C:\Users\Think\.gradle\caches\6.5\fileHashes)" [_thread_blocked, id=26660, stack(0x000000001f090000,0x000000001f190000)]
  0x0000000018d9a800 JavaThread "File lock request listener" [_thread_in_native, id=39028, stack(0x000000001ee90000,0x000000001ef90000)]
  0x000000001d468800 JavaThread "Cache worker for journal cache (C:\Users\Think\.gradle\caches\journal-1)" [_thread_blocked, id=32376, stack(0x000000001ed90000,0x000000001ee90000)]
  0x000000001a170000 JavaThread "Thread-9" [_thread_blocked, id=36628, stack(0x000000001caf0000,0x000000001cbf0000)]
  0x0000000018d46800 JavaThread "Stdin handler" [_thread_blocked, id=30996, stack(0x000000001c9f0000,0x000000001caf0000)]
  0x000000001a175000 JavaThread "Asynchronous log dispatcher for DefaultDaemonConnection: socket connection from /127.0.0.1:64212 to /127.0.0.1:64213" [_thread_blocked, id=38392, stack(0x000000001c8f0000,0x000000001c9f0000)]
  0x0000000019c55000 JavaThread "Daemon worker" [_thread_in_vm, id=26996, stack(0x000000001c7f0000,0x000000001c8f0000)]
  0x0000000019c70800 JavaThread "Cancel handler" [_thread_blocked, id=28296, stack(0x000000001c6f0000,0x000000001c7f0000)]
  0x0000000019516800 JavaThread "Handler for socket connection from /127.0.0.1:64212 to /127.0.0.1:64213" [_thread_in_native, id=3696, stack(0x000000001c5f0000,0x000000001c6f0000)]
  0x0000000019514000 JavaThread "Daemon" [_thread_blocked, id=2332, stack(0x000000001c4f0000,0x000000001c5f0000)]
  0x0000000019cc2800 JavaThread "Daemon periodic checks" [_thread_blocked, id=10080, stack(0x000000001c1f0000,0x000000001c2f0000)]
  0x0000000019992000 JavaThread "Incoming local TCP Connector on port 64212" [_thread_in_native, id=40616, stack(0x000000001bfb0000,0x000000001c0b0000)]
  0x000000001a641800 JavaThread "Daemon health stats" [_thread_blocked, id=41648, stack(0x000000001b970000,0x000000001ba70000)]
  0x0000000018a06000 JavaThread "Service Thread" daemon [_thread_blocked, id=6108, stack(0x0000000018dd0000,0x0000000018ed0000)]
  0x0000000017096000 JavaThread "C1 CompilerThread2" daemon [_thread_blocked, id=17256, stack(0x00000000188d0000,0x00000000189d0000)]
  0x000000001708b800 JavaThread "C2 CompilerThread1" daemon [_thread_in_native, id=24208, stack(0x00000000187d0000,0x00000000188d0000)]
=>0x0000000017087800 JavaThread "C2 CompilerThread0" daemon [_thread_in_native, id=27208, stack(0x00000000186d0000,0x00000000187d0000)]
  0x0000000017086800 JavaThread "Attach Listener" daemon [_thread_blocked, id=31148, stack(0x00000000185d0000,0x00000000186d0000)]
  0x0000000017082000 JavaThread "Signal Dispatcher" daemon [_thread_blocked, id=40444, stack(0x00000000184d0000,0x00000000185d0000)]
  0x000000000245c000 JavaThread "Finalizer" daemon [_thread_blocked, id=21780, stack(0x00000000182d0000,0x00000000183d0000)]
  0x0000000017069000 JavaThread "Reference Handler" daemon [_thread_blocked, id=24296, stack(0x00000000181d0000,0x00000000182d0000)]
  0x0000000002362800 JavaThread "main" [_thread_blocked, id=18652, stack(0x0000000002220000,0x0000000002320000)]

Other Threads:
  0x0000000017046000 VMThread [stack: 0x00000000180d0000,0x00000000181d0000] [id=13352]
  0x0000000017097800 WatcherThread [stack: 0x0000000018ed0000,0x0000000018fd0000] [id=40176]

VM state:not at safepoint (normal execution)

VM Mutex/Monitor currently owned by a thread: None

heap address: 0x0000000080000000, size: 2048 MB, Compressed Oops mode: 32-bit
Narrow klass base: 0x0000000000000000, Narrow klass shift: 3
Compressed class space size: 1073741824 Address: 0x0000000100000000

Heap:
 PSYoungGen      total 73216K, used 44317K [0x00000000d5580000, 0x00000000dcb00000, 0x0000000100000000)
  eden space 62464K, 56% used [0x00000000d5580000,0x00000000d77c8cd0,0x00000000d9280000)
  from space 10752K, 85% used [0x00000000d9280000,0x00000000d9b7ea70,0x00000000d9d00000)
  to   space 11776K, 0% used [0x00000000dbf80000,0x00000000dbf80000,0x00000000dcb00000)
 ParOldGen       total 46080K, used 6670K [0x0000000080000000, 0x0000000082d00000, 0x00000000d5580000)
  object space 46080K, 14% used [0x0000000080000000,0x0000000080683b78,0x0000000082d00000)
 Metaspace       used 32997K, capacity 34082K, committed 34224K, reserved 1079296K
  class space    used 4500K, capacity 4758K, committed 4784K, reserved 1048576K

Card table byte_map: [0x0000000011820000,0x0000000011c30000] byte_map_base: 0x0000000011420000

Marking Bits: (ParMarkBitMap*) 0x000000005706f030
 Begin Bits: [0x00000000122e0000, 0x00000000142e0000)
 End Bits:   [0x00000000142e0000, 0x00000000162e0000)

Polling page: 0x0000000000560000

CodeCache: size=245760Kb used=9787Kb max_used=9787Kb free=235972Kb
 bounds [0x0000000002460000, 0x0000000002e00000, 0x0000000011460000]
 total_blobs=3190 nmethods=2505 adapters=597
 compilation: enabled

Compilation events (10 events):
Event: 27.899 Thread 0x0000000017096000 2680       3       com.google.common.collect.AbstractMapBasedMultimap$WrappedCollection$WrappedIterator::validateIterator (30 bytes)
Event: 27.900 Thread 0x0000000017096000 nmethod 2680 0x0000000002de5090 code [0x0000000002de5220, 0x0000000002de5538]
Event: 27.900 Thread 0x0000000017096000 2681       3       sun.reflect.generics.repository.ConstructorRepository::<init> (7 bytes)
Event: 27.901 Thread 0x0000000017096000 nmethod 2681 0x0000000002de8550 code [0x0000000002de8720, 0x0000000002de8e78]
Event: 27.905 Thread 0x0000000017096000 2682       3       java.lang.invoke.DirectMethodHandle::preparedLambdaForm (230 bytes)
Event: 27.907 Thread 0x0000000017096000 nmethod 2682 0x0000000002df1a50 code [0x0000000002df1cc0, 0x0000000002df2d18]
Event: 27.907 Thread 0x0000000017096000 2683       3       java.lang.invoke.DirectMethodHandle::<init> (132 bytes)
Event: 27.909 Thread 0x0000000017096000 nmethod 2683 0x0000000002df3350 code [0x0000000002df3600, 0x0000000002df4e18]
Event: 27.963 Thread 0x0000000017096000 2684       3       java.util.ArrayList::indexOf (67 bytes)
Event: 27.963 Thread 0x0000000017096000 nmethod 2684 0x0000000002de7cd0 code [0x0000000002de7e60, 0x0000000002de8328]

GC Heap History (10 events):
Event: 16.517 GC heap before
{Heap before GC invocations=6 (full 0):
 PSYoungGen      total 37888K, used 37872K [0x00000000d5580000, 0x00000000d8980000, 0x0000000100000000)
  eden space 32768K, 100% used [0x00000000d5580000,0x00000000d7580000,0x00000000d7580000)
  from space 5120K, 99% used [0x00000000d7600000,0x00000000d7afc010,0x00000000d7b00000)
  to   space 10240K, 0% used [0x00000000d7f80000,0x00000000d7f80000,0x00000000d8980000)
 ParOldGen       total 87552K, used 6581K [0x0000000080000000, 0x0000000085580000, 0x00000000d5580000)
  object space 87552K, 7% used [0x0000000080000000,0x000000008066d470,0x0000000085580000)
 Metaspace       used 20551K, capacity 21192K, committed 21248K, reserved 1067008K
  class space    used 2866K, capacity 3044K, committed 3072K, reserved 1048576K
Event: 16.533 GC heap after
Heap after GC invocations=6 (full 0):
 PSYoungGen      total 42496K, used 8491K [0x00000000d5580000, 0x00000000d8a00000, 0x0000000100000000)
  eden space 32256K, 0% used [0x00000000d5580000,0x00000000d5580000,0x00000000d7500000)
  from space 10240K, 82% used [0x00000000d7f80000,0x00000000d87cad40,0x00000000d8980000)
  to   space 10752K, 0% used [0x00000000d7500000,0x00000000d7500000,0x00000000d7f80000)
 ParOldGen       total 87552K, used 6589K [0x0000000080000000, 0x0000000085580000, 0x00000000d5580000)
  object space 87552K, 7% used [0x0000000080000000,0x000000008066f470,0x0000000085580000)
 Metaspace       used 20551K, capacity 21192K, committed 21248K, reserved 1067008K
  class space    used 2866K, capacity 3044K, committed 3072K, reserved 1048576K
}
Event: 16.549 GC heap before
{Heap before GC invocations=7 (full 0):
 PSYoungGen      total 42496K, used 9502K [0x00000000d5580000, 0x00000000d8a00000, 0x0000000100000000)
  eden space 32256K, 3% used [0x00000000d5580000,0x00000000d567cd38,0x00000000d7500000)
  from space 10240K, 82% used [0x00000000d7f80000,0x00000000d87cad40,0x00000000d8980000)
  to   space 10752K, 0% used [0x00000000d7500000,0x00000000d7500000,0x00000000d7f80000)
 ParOldGen       total 87552K, used 6589K [0x0000000080000000, 0x0000000085580000, 0x00000000d5580000)
  object space 87552K, 7% used [0x0000000080000000,0x000000008066f470,0x0000000085580000)
 Metaspace       used 20594K, capacity 21224K, committed 21296K, reserved 1067008K
  class space    used 2873K, capacity 3076K, committed 3120K, reserved 1048576K
Event: 16.563 GC heap after
Heap after GC invocations=7 (full 0):
 PSYoungGen      total 43008K, used 3712K [0x00000000d5580000, 0x00000000da980000, 0x0000000100000000)
  eden space 32256K, 0% used [0x00000000d5580000,0x00000000d5580000,0x00000000d7500000)
  from space 10752K, 34% used [0x00000000d7500000,0x00000000d78a0030,0x00000000d7f80000)
  to   space 10752K, 0% used [0x00000000d9f00000,0x00000000d9f00000,0x00000000da980000)
 ParOldGen       total 87552K, used 8853K [0x0000000080000000, 0x0000000085580000, 0x00000000d5580000)
  object space 87552K, 10% used [0x0000000080000000,0x00000000808a54c0,0x0000000085580000)
 Metaspace       used 20594K, capacity 21224K, committed 21296K, reserved 1067008K
  class space    used 2873K, capacity 3076K, committed 3120K, reserved 1048576K
}
Event: 16.563 GC heap before
{Heap before GC invocations=8 (full 1):
 PSYoungGen      total 43008K, used 3712K [0x00000000d5580000, 0x00000000da980000, 0x0000000100000000)
  eden space 32256K, 0% used [0x00000000d5580000,0x00000000d5580000,0x00000000d7500000)
  from space 10752K, 34% used [0x00000000d7500000,0x00000000d78a0030,0x00000000d7f80000)
  to   space 10752K, 0% used [0x00000000d9f00000,0x00000000d9f00000,0x00000000da980000)
 ParOldGen       total 87552K, used 8853K [0x0000000080000000, 0x0000000085580000, 0x00000000d5580000)
  object space 87552K, 10% used [0x0000000080000000,0x00000000808a54c0,0x0000000085580000)
 Metaspace       used 20594K, capacity 21224K, committed 21296K, reserved 1067008K
  class space    used 2873K, capacity 3076K, committed 3120K, reserved 1048576K
Event: 16.688 GC heap after
Heap after GC invocations=8 (full 1):
 PSYoungGen      total 43008K, used 0K [0x00000000d5580000, 0x00000000da980000, 0x0000000100000000)
  eden space 32256K, 0% used [0x00000000d5580000,0x00000000d5580000,0x00000000d7500000)
  from space 10752K, 0% used [0x00000000d7500000,0x00000000d7500000,0x00000000d7f80000)
  to   space 10752K, 0% used [0x00000000d9f00000,0x00000000d9f00000,0x00000000da980000)
 ParOldGen       total 46080K, used 6654K [0x0000000080000000, 0x0000000082d00000, 0x00000000d5580000)
  object space 46080K, 14% used [0x0000000080000000,0x000000008067fb78,0x0000000082d00000)
 Metaspace       used 20594K, capacity 21224K, committed 21296K, reserved 1067008K
  class space    used 2873K, capacity 3076K, committed 3120K, reserved 1048576K
}
Event: 19.462 GC heap before
{Heap before GC invocations=9 (full 1):
 PSYoungGen      total 43008K, used 32256K [0x00000000d5580000, 0x00000000da980000, 0x0000000100000000)
  eden space 32256K, 100% used [0x00000000d5580000,0x00000000d7500000,0x00000000d7500000)
  from space 10752K, 0% used [0x00000000d7500000,0x00000000d7500000,0x00000000d7f80000)
  to   space 10752K, 0% used [0x00000000d9f00000,0x00000000d9f00000,0x00000000da980000)
 ParOldGen       total 46080K, used 6654K [0x0000000080000000, 0x0000000082d00000, 0x00000000d5580000)
  object space 46080K, 14% used [0x0000000080000000,0x000000008067fb78,0x0000000082d00000)
 Metaspace       used 22942K, capacity 23756K, committed 23984K, reserved 1069056K
  class space    used 3257K, capacity 3476K, committed 3504K, reserved 1048576K
Event: 19.467 GC heap after
Heap after GC invocations=9 (full 1):
 PSYoungGen      total 71168K, used 3039K [0x00000000d5580000, 0x00000000da780000, 0x0000000100000000)
  eden space 62464K, 0% used [0x00000000d5580000,0x00000000d5580000,0x00000000d9280000)
  from space 8704K, 34% used [0x00000000d9f00000,0x00000000da1f7e68,0x00000000da780000)
  to   space 10752K, 0% used [0x00000000d9280000,0x00000000d9280000,0x00000000d9d00000)
 ParOldGen       total 46080K, used 6662K [0x0000000080000000, 0x0000000082d00000, 0x00000000d5580000)
  object space 46080K, 14% used [0x0000000080000000,0x0000000080681b78,0x0000000082d00000)
 Metaspace       used 22942K, capacity 23756K, committed 23984K, reserved 1069056K
  class space    used 3257K, capacity 3476K, committed 3504K, reserved 1048576K
}
Event: 25.323 GC heap before
{Heap before GC invocations=10 (full 1):
 PSYoungGen      total 71168K, used 65503K [0x00000000d5580000, 0x00000000da780000, 0x0000000100000000)
  eden space 62464K, 100% used [0x00000000d5580000,0x00000000d9280000,0x00000000d9280000)
  from space 8704K, 34% used [0x00000000d9f00000,0x00000000da1f7e68,0x00000000da780000)
  to   space 10752K, 0% used [0x00000000d9280000,0x00000000d9280000,0x00000000d9d00000)
 ParOldGen       total 46080K, used 6662K [0x0000000080000000, 0x0000000082d00000, 0x00000000d5580000)
  object space 46080K, 14% used [0x0000000080000000,0x0000000080681b78,0x0000000082d00000)
 Metaspace       used 31320K, capacity 32250K, committed 32432K, reserved 1077248K
  class space    used 4247K, capacity 4468K, committed 4528K, reserved 1048576K
Event: 25.340 GC heap after
Heap after GC invocations=10 (full 1):
 PSYoungGen      total 73216K, used 9210K [0x00000000d5580000, 0x00000000dcb00000, 0x0000000100000000)
  eden space 62464K, 0% used [0x00000000d5580000,0x00000000d5580000,0x00000000d9280000)
  from space 10752K, 85% used [0x00000000d9280000,0x00000000d9b7ea70,0x00000000d9d00000)
  to   space 11776K, 0% used [0x00000000dbf80000,0x00000000dbf80000,0x00000000dcb00000)
 ParOldGen       total 46080K, used 6670K [0x0000000080000000, 0x0000000082d00000, 0x00000000d5580000)
  object space 46080K, 14% used [0x0000000080000000,0x0000000080683b78,0x0000000082d00000)
 Metaspace       used 31320K, capacity 32250K, committed 32432K, reserved 1077248K
  class space    used 4247K, capacity 4468K, committed 4528K, reserved 1048576K
}

Deoptimization events (10 events):
Event: 26.657 Thread 0x0000000019c55000 Uncommon trap: reason=unstable_if action=reinterpret pc=0x0000000002ae73c8 method=java.net.URLClassLoader.defineClass(Ljava/lang/String;Lsun/misc/Resource;)Ljava/lang/Class; @ 21
Event: 26.839 Thread 0x0000000019c55000 Uncommon trap: reason=bimorphic action=maybe_recompile pc=0x0000000002db243c method=org.codehaus.groovy.runtime.metaclass.MetaMethodIndex.addMethodToList(Ljava/lang/Object;Lgroovy/lang/MetaMethod;)Ljava/lang/Object; @ 130
Event: 26.839 Thread 0x0000000019c55000 Uncommon trap: reason=bimorphic action=maybe_recompile pc=0x0000000002db243c method=org.codehaus.groovy.runtime.metaclass.MetaMethodIndex.addMethodToList(Ljava/lang/Object;Lgroovy/lang/MetaMethod;)Ljava/lang/Object; @ 130
Event: 26.839 Thread 0x0000000019c55000 Uncommon trap: reason=bimorphic action=maybe_recompile pc=0x0000000002db243c method=org.codehaus.groovy.runtime.metaclass.MetaMethodIndex.addMethodToList(Ljava/lang/Object;Lgroovy/lang/MetaMethod;)Ljava/lang/Object; @ 130
Event: 26.839 Thread 0x0000000019c55000 Uncommon trap: reason=class_check action=maybe_recompile pc=0x0000000002db2458 method=org.codehaus.groovy.runtime.metaclass.MetaMethodIndex.addMethodToList(Ljava/lang/Object;Lgroovy/lang/MetaMethod;)Ljava/lang/Object; @ 240
Event: 26.840 Thread 0x0000000019c55000 Uncommon trap: reason=class_check action=maybe_recompile pc=0x0000000002db2458 method=org.codehaus.groovy.runtime.metaclass.MetaMethodIndex.addMethodToList(Ljava/lang/Object;Lgroovy/lang/MetaMethod;)Ljava/lang/Object; @ 240
Event: 26.840 Thread 0x0000000019c55000 Uncommon trap: reason=class_check action=maybe_recompile pc=0x0000000002db2458 method=org.codehaus.groovy.runtime.metaclass.MetaMethodIndex.addMethodToList(Ljava/lang/Object;Lgroovy/lang/MetaMethod;)Ljava/lang/Object; @ 240
Event: 26.840 Thread 0x0000000019c55000 Uncommon trap: reason=class_check action=maybe_recompile pc=0x0000000002db2458 method=org.codehaus.groovy.runtime.metaclass.MetaMethodIndex.addMethodToList(Ljava/lang/Object;Lgroovy/lang/MetaMethod;)Ljava/lang/Object; @ 240
Event: 27.477 Thread 0x0000000019c55000 Uncommon trap: reason=unstable_if action=reinterpret pc=0x0000000002db8138 method=org.codehaus.groovy.runtime.metaclass.MetaMethodIndex.addMethodToList(Ljava/lang/Object;Lgroovy/lang/MetaMethod;)Ljava/lang/Object; @ 226
Event: 27.892 Thread 0x0000000019c55000 Uncommon trap: reason=range_check action=make_not_entrant pc=0x0000000002d3e83c method=java.lang.String.charAt(I)C @ 27

Classes redefined (0 events):
No events

Internal exceptions (10 events):
Event: 27.529 Thread 0x0000000019c55000 Exception <a 'java/lang/ClassNotFoundException': org/gradle/api/internal/DefaultNamedDomainObjectCollectionBeanInfo> (0x00000000d6ebd350) thrown at [C:\src\AOSP-openjdk-git\hotspot\src\share\vm\classfile\systemDictionary.cpp, line 210]
Event: 27.531 Thread 0x0000000019c55000 Exception <a 'java/lang/ClassNotFoundException': org/gradle/api/internal/DefaultDomainObjectCollectionBeanInfo> (0x00000000d6ef1790) thrown at [C:\src\AOSP-openjdk-git\hotspot\src\share\vm\classfile\systemDictionary.cpp, line 210]
Event: 27.531 Thread 0x0000000019c55000 Exception <a 'java/lang/ClassNotFoundException': java/util/AbstractCollectionBeanInfo> (0x00000000d6ef5f60) thrown at [C:\src\AOSP-openjdk-git\hotspot\src\share\vm\classfile\systemDictionary.cpp, line 210]
Event: 27.531 Thread 0x0000000019c55000 Exception <a 'java/lang/ClassNotFoundException': java/util/AbstractCollectionCustomizer> (0x00000000d6efa6c8) thrown at [C:\src\AOSP-openjdk-git\hotspot\src\share\vm\classfile\systemDictionary.cpp, line 210]
Event: 27.542 Thread 0x0000000019c55000 Exception <a 'java/lang/ClassNotFoundException': org/gradle/api/internal/DefaultDomainObjectCollectionCustomizer> (0x00000000d6f3a640) thrown at [C:\src\AOSP-openjdk-git\hotspot\src\share\vm\classfile\systemDictionary.cpp, line 210]
Event: 27.548 Thread 0x0000000019c55000 Exception <a 'java/lang/ClassNotFoundException': org/gradle/api/internal/DefaultNamedDomainObjectCollectionCustomizer> (0x00000000d6f98a20) thrown at [C:\src\AOSP-openjdk-git\hotspot\src\share\vm\classfile\systemDictionary.cpp, line 210]
Event: 27.559 Thread 0x0000000019c55000 Exception <a 'java/lang/ClassNotFoundException': org/gradle/api/internal/DefaultNamedDomainObjectListCustomizer> (0x00000000d700d630) thrown at [C:\src\AOSP-openjdk-git\hotspot\src\share\vm\classfile\systemDictionary.cpp, line 210]
Event: 27.565 Thread 0x0000000019c55000 Exception <a 'java/lang/ClassNotFoundException': org/gradle/api/internal/artifacts/DefaultArtifactRepositoryContainerCustomizer> (0x00000000d70825d0) thrown at [C:\src\AOSP-openjdk-git\hotspot\src\share\vm\classfile\systemDictionary.cpp, line 210]
Event: 27.569 Thread 0x0000000019c55000 Exception <a 'java/lang/ClassNotFoundException': org/gradle/api/internal/artifacts/dsl/DefaultRepositoryHandlerCustomizer> (0x00000000d70e7a00) thrown at [C:\src\AOSP-openjdk-git\hotspot\src\share\vm\classfile\systemDictionary.cpp, line 210]
Event: 27.576 Thread 0x0000000019c55000 Exception <a 'java/lang/ClassNotFoundException': org/gradle/api/internal/artifacts/dsl/DefaultRepositoryHandler_DecoratedCustomizer> (0x00000000d716b390) thrown at [C:\src\AOSP-openjdk-git\hotspot\src\share\vm\classfile\systemDictionary.cpp, line 210]

Events (10 events):
Event: 28.058 loading class org/gradle/api/artifacts/ResolvableDependencies
Event: 28.058 loading class org/gradle/api/artifacts/ResolvableDependencies done
Event: 28.060 loading class org/gradle/api/artifacts/ArtifactView
Event: 28.060 loading class org/gradle/api/artifacts/ArtifactView done
Event: 28.061 loading class org/gradle/api/artifacts/DependencySet
Event: 28.061 loading class org/gradle/api/artifacts/DependencySet done
Event: 28.062 loading class org/gradle/api/internal/tasks/WorkNodeAction
Event: 28.062 loading class org/gradle/api/internal/tasks/WorkNodeAction done
Event: 28.062 loading class org/gradle/api/internal/artifacts/transform/ExtraExecutionGraphDependenciesResolverFactory
Event: 28.062 loading class org/gradle/api/internal/artifacts/transform/ExtraExecutionGraphDependenciesResolverFactory done


Dynamic libraries:
0x00007ff649650000 - 0x00007ff649681000 	C:\Program Files\Android\Android Studio\jre\bin\java.exe
0x00007ffc0b0d0000 - 0x00007ffc0b2c5000 	C:\WINDOWS\SYSTEM32\ntdll.dll
0x00007ffc09330000 - 0x00007ffc093ed000 	C:\WINDOWS\System32\KERNEL32.DLL
0x00007ffc08db0000 - 0x00007ffc09078000 	C:\WINDOWS\System32\KERNELBASE.dll
0x00007ffc09280000 - 0x00007ffc0932c000 	C:\WINDOWS\System32\ADVAPI32.dll
0x00007ffc0aee0000 - 0x00007ffc0af7e000 	C:\WINDOWS\System32\msvcrt.dll
0x00007ffc09ad0000 - 0x00007ffc09b6b000 	C:\WINDOWS\System32\sechost.dll
0x00007ffc0a7c0000 - 0x00007ffc0a8eb000 	C:\WINDOWS\System32\RPCRT4.dll
0x00007ffc0a4c0000 - 0x00007ffc0a660000 	C:\WINDOWS\System32\USER32.dll
0x00007ffc08810000 - 0x00007ffc08832000 	C:\WINDOWS\System32\win32u.dll
0x00007ffc0ae40000 - 0x00007ffc0ae6a000 	C:\WINDOWS\System32\GDI32.dll
0x00007ffc08c00000 - 0x00007ffc08d0b000 	C:\WINDOWS\System32\gdi32full.dll
0x00007ffc08d10000 - 0x00007ffc08dad000 	C:\WINDOWS\System32\msvcp_win.dll
0x00007ffc08a20000 - 0x00007ffc08b20000 	C:\WINDOWS\System32\ucrtbase.dll
0x00007ffbf0780000 - 0x00007ffbf0a1a000 	C:\WINDOWS\WinSxS\amd64_microsoft.windows.common-controls_6595b64144ccf1df_6.0.19041.844_none_ca00b6081b84eb1d\COMCTL32.dll
0x00007ffc0a660000 - 0x00007ffc0a690000 	C:\WINDOWS\System32\IMM32.DLL
0x0000000055e70000 - 0x0000000055f42000 	C:\Program Files\Android\Android Studio\jre\jre\bin\msvcr100.dll
0x00000000568a0000 - 0x00000000570eb000 	C:\Program Files\Android\Android Studio\jre\jre\bin\server\jvm.dll
0x00007ffc09760000 - 0x00007ffc09768000 	C:\WINDOWS\System32\PSAPI.DLL
0x00007ffbfe710000 - 0x00007ffbfe71a000 	C:\WINDOWS\SYSTEM32\VERSION.dll
0x00007ffbf2b60000 - 0x00007ffbf2b87000 	C:\WINDOWS\SYSTEM32\WINMM.dll
0x00007ffbeff90000 - 0x00007ffbeff99000 	C:\WINDOWS\SYSTEM32\WSOCK32.dll
0x00007ffc0ae70000 - 0x00007ffc0aedb000 	C:\WINDOWS\System32\ws2_32.DLL
0x00007ffbff350000 - 0x00007ffbff35f000 	C:\Program Files\Android\Android Studio\jre\jre\bin\verify.dll
0x00007ffbf5bf0000 - 0x00007ffbf5c19000 	C:\Program Files\Android\Android Studio\jre\jre\bin\java.dll
0x00007ffbf5ca0000 - 0x00007ffbf5cb6000 	C:\Program Files\Android\Android Studio\jre\jre\bin\zip.dll
0x00007ffc09b70000 - 0x00007ffc0a2b2000 	C:\WINDOWS\System32\SHELL32.dll
0x00007ffc06940000 - 0x00007ffc070d0000 	C:\WINDOWS\SYSTEM32\windows.storage.dll
0x00007ffc09770000 - 0x00007ffc09ac5000 	C:\WINDOWS\System32\combase.dll
0x00007ffc081b0000 - 0x00007ffc081dc000 	C:\WINDOWS\SYSTEM32\Wldp.dll
0x00007ffc0a710000 - 0x00007ffc0a7be000 	C:\WINDOWS\System32\SHCORE.dll
0x00007ffc0a8f0000 - 0x00007ffc0a945000 	C:\WINDOWS\System32\shlwapi.dll
0x00007ffc08750000 - 0x00007ffc0876f000 	C:\WINDOWS\SYSTEM32\profapi.dll
0x00007ffbf5b10000 - 0x00007ffbf5b2a000 	C:\Program Files\Android\Android Studio\jre\jre\bin\net.dll
0x00007ffc07f20000 - 0x00007ffc07f8a000 	C:\WINDOWS\system32\mswsock.dll
0x00007ffbf5a50000 - 0x00007ffbf5a63000 	C:\Program Files\Android\Android Studio\jre\jre\bin\nio.dll
0x00007ffbf4a50000 - 0x00007ffbf4a77000 	C:\Users\Think\.gradle\native\f6784746aeab05261644944871eae4fe03e0ef1612fff0a4a95f87b438bc6780\windows-amd64\native-platform.dll
0x00007ffbff340000 - 0x00007ffbff34d000 	C:\Program Files\Android\Android Studio\jre\jre\bin\management.dll
0x00007ffc080f0000 - 0x00007ffc08108000 	C:\WINDOWS\SYSTEM32\CRYPTSP.dll
0x00007ffc078c0000 - 0x00007ffc078f4000 	C:\WINDOWS\system32\rsaenh.dll
0x00007ffc08b70000 - 0x00007ffc08b97000 	C:\WINDOWS\System32\bcrypt.dll
0x00007ffc08710000 - 0x00007ffc0873e000 	C:\WINDOWS\SYSTEM32\USERENV.dll
0x00007ffc089a0000 - 0x00007ffc08a20000 	C:\WINDOWS\System32\bcryptprimitives.dll
0x00007ffc08110000 - 0x00007ffc0811c000 	C:\WINDOWS\SYSTEM32\CRYPTBASE.dll
0x00007ffc07c10000 - 0x00007ffc07c4b000 	C:\WINDOWS\SYSTEM32\IPHLPAPI.DLL
0x00007ffc0a3e0000 - 0x00007ffc0a3e8000 	C:\WINDOWS\System32\NSI.dll
0x00007ffbfb0e0000 - 0x00007ffbfb0f7000 	C:\WINDOWS\SYSTEM32\dhcpcsvc6.DLL
0x00007ffbfb0b0000 - 0x00007ffbfb0cd000 	C:\WINDOWS\SYSTEM32\dhcpcsvc.DLL
0x00007ffc07c50000 - 0x00007ffc07d1c000 	C:\WINDOWS\SYSTEM32\DNSAPI.dll
0x00007ffbfb1b0000 - 0x00007ffbfb1bb000 	C:\WINDOWS\SYSTEM32\WINNSI.DLL

VM Arguments:
jvm_args: -Xmx2048m -Dfile.encoding=UTF-8 -Duser.country=US -Duser.language=en -Duser.variant 
java_command: org.gradle.launcher.daemon.bootstrap.GradleDaemon 6.5
java_class_path (initial): C:\Users\Think\.gradle\wrapper\dists\gradle-6.5-bin\6nifqtx7604sqp1q6g8wikw7p\gradle-6.5\lib\gradle-launcher-6.5.jar
Launcher Type: SUN_STANDARD

Environment Variables:
USERNAME=Think
OS=Windows_NT
PROCESSOR_IDENTIFIER=Intel64 Family 6 Model 142 Stepping 9, GenuineIntel



---------------  S Y S T E M  ---------------

OS: Windows 10.0 , 64 bit Build 19041 (10.0.19041.928)

CPU:total 4 (initial active 4) (2 cores per cpu, 2 threads per core) family 6 model 142 stepping 9, cmov, cx8, fxsr, mmx, sse, sse2, sse3, ssse3, sse4.1, sse4.2, popcnt, avx, avx2, aes, clmul, erms, rtm, 3dnowpref, lzcnt, ht, tsc, tscinvbit, bmi1, bmi2, adx

Memory: 4k page, physical 8266616k(127084k free), swap 33432440k(4452k free)

vm_info: OpenJDK 64-Bit Server VM (25.242-b01) for windows-amd64 JRE (1.8.0_242-release-1644-b01), built by "builder" with MS VC++ 10.0 (VS2010)

time: Sat Jun 05 17:29:54 2021
timezone: Altai Standard Time
elapsed time: 28 seconds (0d 0h 0m 28s)

